# Logfile created on 2013-10-13 23:45:47 -0500 by logger.rb/1.2.8
Started GET "/" at 2013-10-13 23:49:14 -0500
Detecting locale EN
Found page "Home page" [index]
  Rendered snippet header
  Rendered snippet footer
  Rendered liquid page template
Completed 200 OK in 2.2ms


Started GET "/" at 2013-10-13 23:49:45 -0500
Detecting locale EN
Found page "Home page" [index]
  Rendered snippet header
  Rendered snippet footer
  Rendered liquid page template
Completed 200 OK in 3.6ms


Started GET "/" at 2013-10-14 09:39:51 -0500
Detecting locale EN
Found page "Home page" [index]
  Rendered snippet header
  Rendered snippet footer
  Rendered liquid page template
Completed 200 OK in 2.2ms


* Reloaded "pages", "snippets" at 2013-10-14 09:40:47 -0500
* Reloaded "pages", "snippets" at 2013-10-14 09:41:03 -0500
* Reloaded "pages", "snippets" at 2013-10-14 09:41:08 -0500
Started GET "/" at 2013-10-14 09:41:10 -0500
Detecting locale EN
Found page "Home page" [index]
  Rendered snippet header
  Rendered snippet footer
  Rendered liquid page template
Completed 200 OK in 1.9ms


Started GET "/Cities" at 2013-10-14 09:41:12 -0500
Detecting locale EN
Page not found
  Rendered liquid page template
Completed 200 OK in 1.4ms


* Reloaded "pages", "snippets" at 2013-10-14 09:41:32 -0500
Started GET "/Cities" at 2013-10-14 09:41:34 -0500
Detecting locale EN
Page not found
  Rendered liquid page template
Completed 200 OK in 2.0ms


Started GET "/Cities" at 2013-10-14 09:41:36 -0500
Detecting locale EN
Page not found
  Rendered liquid page template
Completed 200 OK in 1.8ms


Started GET "/Cities" at 2013-10-14 09:41:37 -0500
Detecting locale EN
Page not found
  Rendered liquid page template
Completed 200 OK in 0.9ms


Started GET "/Cities" at 2013-10-14 09:41:44 -0500
Detecting locale EN
Page not found
  Rendered liquid page template
Completed 200 OK in 2.0ms


Started GET "/Cities" at 2013-10-14 09:41:47 -0500
Detecting locale EN
Page not found
  Rendered liquid page template
Completed 200 OK in 1.8ms


Started GET "/Cities" at 2013-10-14 09:42:06 -0500
Detecting locale EN
Page not found
  Rendered liquid page template
Completed 200 OK in 1.8ms


Started GET "/Cities" at 2013-10-14 09:42:35 -0500
Detecting locale EN
Page not found
  Rendered liquid page template
Completed 200 OK in 1.4ms


Started GET "/Cities" at 2013-10-14 09:42:36 -0500
Detecting locale EN
Page not found
  Rendered liquid page template
Completed 200 OK in 1.8ms


Started GET "/Cities" at 2013-10-14 09:42:37 -0500
Detecting locale EN
Page not found
  Rendered liquid page template
Completed 200 OK in 1.8ms


Started GET "/Cities" at 2013-10-14 09:42:40 -0500
Detecting locale EN
Page not found
  Rendered liquid page template
Completed 200 OK in 1.8ms


* Reloaded "pages", "snippets" at 2013-10-14 09:42:58 -0500
Started GET "/Cities" at 2013-10-14 09:43:00 -0500
Detecting locale EN
Page not found
  Rendered liquid page template
Completed 200 OK in 1.5ms


Started GET "/Cities" at 2013-10-14 09:43:02 -0500
Detecting locale EN
Page not found
  Rendered liquid page template
Completed 200 OK in 1.8ms


Started GET "/" at 2013-10-14 09:43:22 -0500
Detecting locale EN
Found page "Home page" [index]
  Rendered snippet header
  Rendered snippet footer
  Rendered liquid page template
Completed 200 OK in 3.8ms


Started GET "/cities" at 2013-10-14 09:43:24 -0500
Detecting locale EN
Found page "Cities" [cities]
  Rendered snippet header
  Rendered snippet footer
  Rendered liquid page template
Completed 200 OK in 1.4ms


Started GET "/cities" at 2013-10-14 09:43:25 -0500
Detecting locale EN
Found page "Cities" [cities]
  Rendered snippet header
  Rendered snippet footer
  Rendered liquid page template
Completed 200 OK in 3.0ms


Started GET "/" at 2013-10-14 11:39:26 -0500
Detecting locale EN
Found page "Home page" [index]
  Rendered snippet header
  Rendered snippet footer
  Rendered liquid page template
Completed 200 OK in 3.8ms


Started GET "/cities" at 2013-10-14 11:40:46 -0500
Detecting locale EN
Found page "Cities" [cities]
  Rendered snippet header
  Rendered snippet footer
  Rendered liquid page template
Completed 200 OK in 3.5ms


Started GET "/cities" at 2013-10-14 11:40:48 -0500
Detecting locale EN
Found page "Cities" [cities]
  Rendered snippet header
  Rendered snippet footer
  Rendered liquid page template
Completed 200 OK in 3.5ms


Started GET "/cities" at 2013-10-14 11:52:34 -0500
Detecting locale EN
Found page "Cities" [cities]
  Rendered snippet header
  Rendered snippet footer
  Rendered liquid page template
Completed 200 OK in 2.5ms


Started GET "/cities" at 2013-10-14 11:52:36 -0500
Detecting locale EN
Found page "Cities" [cities]
  Rendered snippet header
  Rendered snippet footer
  Rendered liquid page template
Completed 200 OK in 3.3ms


Started GET "/cities" at 2013-10-14 11:53:24 -0500
Detecting locale EN
Found page "Cities" [cities]
  Rendered snippet header
  Rendered snippet footer
  Rendered liquid page template
Completed 200 OK in 2.0ms


Started GET "/" at 2013-10-14 11:53:26 -0500
Detecting locale EN
Found page "Home page" [index]
  Rendered snippet header
  Rendered snippet footer
  Rendered liquid page template
Completed 200 OK in 1.9ms


Started GET "/about" at 2013-10-14 11:53:28 -0500
Detecting locale EN
Found page "About" [about]
  Rendered snippet header
  Rendered snippet footer
  Rendered liquid page template
Completed 200 OK in 4.0ms


Started GET "/cities" at 2013-10-14 11:53:28 -0500
Detecting locale EN
Found page "Cities" [cities]
  Rendered snippet header
  Rendered snippet footer
  Rendered liquid page template
Completed 200 OK in 1.7ms


Started GET "/cities" at 2013-10-14 12:00:11 -0500
Detecting locale EN
Found page "Cities" [cities]
  Rendered snippet header
  Rendered snippet footer
  Rendered liquid page template
Completed 200 OK in 2.3ms


Started GET "/cities" at 2013-10-14 12:06:00 -0500
Detecting locale EN
Found page "Cities" [cities]
  Rendered snippet header
  Rendered snippet footer
  Rendered liquid page template
Completed 200 OK in 3.5ms


Started GET "/cities" at 2013-10-14 12:06:02 -0500
Detecting locale EN
Found page "Cities" [cities]
  Rendered snippet header
  Rendered snippet footer
  Rendered liquid page template
Completed 200 OK in 2.0ms


Started GET "/cities" at 2013-10-14 12:06:03 -0500
Detecting locale EN
Found page "Cities" [cities]
  Rendered snippet header
  Rendered snippet footer
  Rendered liquid page template
Completed 200 OK in 3.5ms


Started GET "/cities" at 2013-10-14 12:06:04 -0500
Detecting locale EN
Found page "Cities" [cities]
  Rendered snippet header
  Rendered snippet footer
  Rendered liquid page template
Completed 200 OK in 3.5ms


Started GET "/cities" at 2013-10-14 12:24:49 -0500
Detecting locale EN
Found page "Cities" [cities]
  Rendered snippet header
  Rendered snippet footer
  Rendered liquid page template
Completed 200 OK in 3.8ms


Started GET "/cities" at 2013-10-14 12:24:51 -0500
Detecting locale EN
Found page "Cities" [cities]
  Rendered snippet header
  Rendered snippet footer
  Rendered liquid page template
Completed 200 OK in 3.9ms


Started GET "/cities" at 2013-10-14 12:24:52 -0500
Detecting locale EN
Found page "Cities" [cities]
  Rendered snippet header
  Rendered snippet footer
  Rendered liquid page template
Completed 200 OK in 3.5ms


Started GET "/cities" at 2013-10-14 12:24:55 -0500
Detecting locale EN
Found page "Cities" [cities]
  Rendered snippet header
  Rendered snippet footer
  Rendered liquid page template
Completed 200 OK in 2.2ms


* Reloaded "pages", "snippets" at 2013-10-14 12:26:08 -0500
Started GET "/cities" at 2013-10-14 12:26:47 -0500
Detecting locale EN
Found page "Cities" [cities]
  Rendered snippet header
  Rendered snippet footer
  Rendered liquid page template
Completed 200 OK in 3.7ms


Started GET "/cities" at 2013-10-14 12:26:48 -0500
Detecting locale EN
Found page "Cities" [cities]
  Rendered snippet header
  Rendered snippet footer
  Rendered liquid page template
Completed 200 OK in 3.5ms


Started GET "/cities" at 2013-10-14 12:27:14 -0500
Detecting locale EN
Found page "Cities" [cities]
  Rendered snippet header
  Rendered snippet footer
  Rendered liquid page template
Completed 200 OK in 3.4ms


Started GET "/cities" at 2013-10-14 12:27:15 -0500
Detecting locale EN
Found page "Cities" [cities]
  Rendered snippet header
  Rendered snippet footer
  Rendered liquid page template
Completed 200 OK in 1.8ms


Started GET "/cities" at 2013-10-14 12:27:17 -0500
Detecting locale EN
Found page "Cities" [cities]
  Rendered snippet header
  Rendered snippet footer
  Rendered liquid page template
Completed 200 OK in 3.7ms


Started GET "/cities" at 2013-10-14 12:27:54 -0500
Detecting locale EN
Found page "Cities" [cities]
  Rendered snippet header
  Rendered snippet footer
  Rendered liquid page template
Completed 200 OK in 3.6ms


Started GET "/cities" at 2013-10-14 12:34:38 -0500
Detecting locale EN
Found page "Cities" [cities]
  Rendered snippet header
  Rendered snippet footer
  Rendered liquid page template
Completed 200 OK in 3.5ms


* Reloaded "pages", "snippets" at 2013-10-14 12:35:48 -0500
Started GET "/cities" at 2013-10-14 12:35:52 -0500
Detecting locale EN
Found page "Cities" [cities]
  Rendered snippet header
  Rendered snippet footer
  Rendered liquid page template
Completed 200 OK in 2.2ms


Started GET "/cities" at 2013-10-14 12:35:53 -0500
Detecting locale EN
Found page "Cities" [cities]
  Rendered snippet header
  Rendered snippet footer
  Rendered liquid page template
Completed 200 OK in 2.8ms


* Reloaded "pages", "snippets" at 2013-10-14 12:36:52 -0500
Started GET "/cities" at 2013-10-14 12:36:55 -0500
Detecting locale EN
Found page "Cities" [cities]
  Rendered snippet header
  Rendered snippet footer
  Rendered liquid page template
Completed 200 OK in 3.2ms


Started GET "/assets/img/usa.png" at 2013-10-14 12:36:55 -0500
Detecting locale EN
Page not found
  Rendered liquid page template
Completed 200 OK in 9.9ms


Started GET "/cities" at 2013-10-14 12:38:01 -0500
Detecting locale EN
Found page "Cities" [cities]
  Rendered snippet header
  Rendered snippet footer
  Rendered liquid page template
Completed 200 OK in 5.2ms


Started GET "/assets/img/usa.png" at 2013-10-14 12:38:01 -0500
Detecting locale EN
Page not found
  Rendered liquid page template
Completed 200 OK in 1.2ms


* Reloaded "pages", "snippets" at 2013-10-14 12:42:14 -0500
Started GET "/cities" at 2013-10-14 12:42:19 -0500
Detecting locale EN
Found page "Cities" [cities]
  Rendered snippet header
  Rendered snippet footer
  Rendered liquid page template
Completed 200 OK in 6.2ms


Started GET "/assets/img/europe.png" at 2013-10-14 12:42:19 -0500
Detecting locale EN
Started GET "/assets/img/usa.png" at 2013-10-14 12:42:19 -0500
Page not found
Started GET "/assets/img/aus.png" at 2013-10-14 12:42:19 -0500
Started GET "/assets/img/rus.png" at 2013-10-14 12:42:19 -0500
Detecting locale EN
  Rendered liquid page template
Started GET "/assets/img/asia.png" at 2013-10-14 12:42:19 -0500
Detecting locale EN
Detecting locale EN
Page not found
Completed 200 OK in 51.9ms


Detecting locale EN
Page not found
Page not found
  Rendered liquid page template
Page not found
  Rendered liquid page template
  Rendered liquid page template
Completed 200 OK in 68.8ms


  Rendered liquid page template
Completed 200 OK in 61.4ms


Completed 200 OK in 35.2ms


Completed 200 OK in 27.0ms


Started GET "/cities" at 2013-10-14 12:44:01 -0500
Detecting locale EN
Found page "Cities" [cities]
  Rendered snippet header
  Rendered snippet footer
  Rendered liquid page template
Completed 200 OK in 2.7ms


Started GET "/assets/img/usa.png" at 2013-10-14 12:44:01 -0500
Detecting locale EN
Page not found
  Rendered liquid page template
Completed 200 OK in 2.3ms


Started GET "/assets/img/europe.png" at 2013-10-14 12:44:01 -0500
Started GET "/assets/img/aus.png" at 2013-10-14 12:44:01 -0500
Started GET "/assets/img/rus.png" at 2013-10-14 12:44:01 -0500
Started GET "/assets/img/asia.png" at 2013-10-14 12:44:01 -0500
Detecting locale EN
Detecting locale EN
Detecting locale EN
Detecting locale EN
Page not found
Page not found
Page not found
Page not found
  Rendered liquid page template
Completed 200 OK in 66.7ms


  Rendered liquid page template
  Rendered liquid page template
Completed 200 OK in 30.0ms


  Rendered liquid page template
Completed 200 OK in 39.0ms


Completed 200 OK in 64.8ms


* Reloaded "pages", "snippets" at 2013-10-14 12:45:41 -0500
Started GET "/cities" at 2013-10-14 12:45:44 -0500
Detecting locale EN
Found page "Cities" [cities]
  Rendered snippet header
  Rendered snippet footer
  Rendered liquid page template
Completed 200 OK in 2.8ms


Started GET "/assets/img/usa.png" at 2013-10-14 12:45:44 -0500
Started GET "/assets/img/europe.png" at 2013-10-14 12:45:44 -0500
Started GET "/assets/img/aus.png" at 2013-10-14 12:45:44 -0500
Detecting locale EN
Started GET "/assets/img/rus.png" at 2013-10-14 12:45:44 -0500
Detecting locale EN
Detecting locale EN
Started GET "/assets/img/asia.png" at 2013-10-14 12:45:44 -0500
Page not found
Detecting locale EN
Page not found
Page not found
Detecting locale EN
  Rendered liquid page template
Page not found
  Rendered liquid page template
  Rendered liquid page template
Page not found
Completed 200 OK in 62.6ms


  Rendered liquid page template
Completed 200 OK in 59.4ms


Completed 200 OK in 66.4ms


  Rendered liquid page template
Completed 200 OK in 63.8ms


Completed 200 OK in 58.5ms


Started GET "/cities" at 2013-10-14 12:45:50 -0500
Detecting locale EN
Found page "Cities" [cities]
  Rendered snippet header
  Rendered snippet footer
  Rendered liquid page template
Completed 200 OK in 2.0ms


Started GET "/assets/img/usa.png" at 2013-10-14 12:45:50 -0500
Detecting locale EN
Started GET "/assets/img/europe.png" at 2013-10-14 12:45:50 -0500
Started GET "/assets/img/aus.png" at 2013-10-14 12:45:50 -0500
Page not found
Started GET "/assets/img/rus.png" at 2013-10-14 12:45:50 -0500
Started GET "/assets/img/asia.png" at 2013-10-14 12:45:50 -0500
Detecting locale EN
Detecting locale EN
  Rendered liquid page template
Detecting locale EN
Detecting locale EN
Page not found
Page not found
Completed 200 OK in 25.0ms


Page not found
Page not found
  Rendered liquid page template
  Rendered liquid page template
  Rendered liquid page template
  Rendered liquid page template
Completed 200 OK in 61.9ms


Completed 200 OK in 63.8ms


Completed 200 OK in 61.7ms


Completed 200 OK in 58.5ms


Started GET "/cities" at 2013-10-14 12:46:04 -0500
Detecting locale EN
Found page "Cities" [cities]
  Rendered snippet header
  Rendered snippet footer
  Rendered liquid page template
Completed 200 OK in 2.7ms


Started GET "/assets/img/aus.png" at 2013-10-14 12:46:04 -0500
Started GET "/assets/img/europe.png" at 2013-10-14 12:46:04 -0500
Started GET "/assets/img/usa.png" at 2013-10-14 12:46:04 -0500
Detecting locale EN
Detecting locale EN
Started GET "/assets/img/rus.png" at 2013-10-14 12:46:04 -0500
Detecting locale EN
Page not found
Page not found
Detecting locale EN
Started GET "/assets/img/asia.png" at 2013-10-14 12:46:04 -0500
Page not found
  Rendered liquid page template
  Rendered liquid page template
Page not found
Detecting locale EN
  Rendered liquid page template
Completed 200 OK in 50.0ms


Completed 200 OK in 46.4ms


  Rendered liquid page template
Page not found
Completed 200 OK in 44.2ms


Completed 200 OK in 52.9ms


  Rendered liquid page template
Completed 200 OK in 37.9ms


* Reloaded "pages", "snippets" at 2013-10-14 12:46:20 -0500
Started GET "/cities" at 2013-10-14 12:46:23 -0500
Detecting locale EN
Found page "Cities" [cities]
  Rendered snippet header
  Rendered snippet footer
  Rendered liquid page template
Completed 200 OK in 3.2ms


Started GET "/assets/img/rus.png" at 2013-10-14 12:46:23 -0500
Started GET "/assets/img/usa.png" at 2013-10-14 12:46:23 -0500
Started GET "/assets/img/europe.png" at 2013-10-14 12:46:23 -0500
Started GET "/assets/img/aus.png" at 2013-10-14 12:46:23 -0500
Started GET "/assets/img/asia.png" at 2013-10-14 12:46:23 -0500
Detecting locale EN
Detecting locale EN
Detecting locale EN
Detecting locale EN
Detecting locale EN
Page not found
Page not found
Page not found
Page not found
Page not found
  Rendered liquid page template
  Rendered liquid page template
  Rendered liquid page template
  Rendered liquid page template
  Rendered liquid page template
Completed 200 OK in 42.4ms


Completed 200 OK in 48.5ms


Completed 200 OK in 45.6ms


Completed 200 OK in 43.0ms


Completed 200 OK in 39.3ms


* Reloaded "pages", "snippets" at 2013-10-14 12:47:24 -0500
Started GET "/cities" at 2013-10-14 12:47:27 -0500
Detecting locale EN
Found page "Cities" [cities]
  Rendered snippet header
  Rendered snippet footer
  Rendered liquid page template
Completed 200 OK in 1.9ms


Started GET "/assets/img/aus.png" at 2013-10-14 12:47:27 -0500
Started GET "/assets/img/rus.png" at 2013-10-14 12:47:27 -0500
Started GET "/assets/img/asia.png" at 2013-10-14 12:47:27 -0500
Started GET "/assets/img/usa.png" at 2013-10-14 12:47:27 -0500
Detecting locale EN
Started GET "/assets/img/europe.png" at 2013-10-14 12:47:27 -0500
Detecting locale EN
Detecting locale EN
Detecting locale EN
Page not found
Detecting locale EN
Page not found
Page not found
Page not found
  Rendered liquid page template
Page not found
  Rendered liquid page template
  Rendered liquid page template
  Rendered liquid page template
Completed 200 OK in 67.9ms


  Rendered liquid page template
Completed 200 OK in 72.3ms


Completed 200 OK in 69.9ms


Completed 200 OK in 67.2ms


Completed 200 OK in 64.7ms


Started GET "/cities" at 2013-10-14 12:47:28 -0500
Detecting locale EN
Found page "Cities" [cities]
  Rendered snippet header
  Rendered snippet footer
  Rendered liquid page template
Completed 200 OK in 2.2ms


Started GET "/assets/img/usa.png" at 2013-10-14 12:47:29 -0500
Detecting locale EN
Started GET "/assets/img/europe.png" at 2013-10-14 12:47:29 -0500
Started GET "/assets/img/aus.png" at 2013-10-14 12:47:29 -0500
Page not found
Started GET "/assets/img/rus.png" at 2013-10-14 12:47:29 -0500
Started GET "/assets/img/asia.png" at 2013-10-14 12:47:29 -0500
Detecting locale EN
Detecting locale EN
  Rendered liquid page template
Detecting locale EN
Detecting locale EN
Page not found
Page not found
Completed 200 OK in 59.0ms


Page not found
Page not found
  Rendered liquid page template
  Rendered liquid page template
  Rendered liquid page template
  Rendered liquid page template
Completed 200 OK in 82.6ms


Completed 200 OK in 80.0ms


Completed 200 OK in 75.9ms


Completed 200 OK in 48.7ms


Started GET "/cities" at 2013-10-14 12:47:43 -0500
Detecting locale EN
Found page "Cities" [cities]
  Rendered snippet header
  Rendered snippet footer
  Rendered liquid page template
Completed 200 OK in 3.8ms


Started GET "/assets/img/usa.png" at 2013-10-14 12:47:43 -0500
Detecting locale EN
Page not found
  Rendered liquid page template
Started GET "/assets/img/aus.png" at 2013-10-14 12:47:43 -0500
Started GET "/assets/img/europe.png" at 2013-10-14 12:47:43 -0500
Completed 200 OK in 31.2ms


Started GET "/assets/img/rus.png" at 2013-10-14 12:47:43 -0500
Started GET "/assets/img/asia.png" at 2013-10-14 12:47:43 -0500
Detecting locale EN
Detecting locale EN
Detecting locale EN
Detecting locale EN
Page not found
Page not found
Page not found
Page not found
  Rendered liquid page template
  Rendered liquid page template
Completed 200 OK in 54.1ms


  Rendered liquid page template
Completed 200 OK in 48.9ms


  Rendered liquid page template
Completed 200 OK in 57.2ms


Completed 200 OK in 52.2ms


Started GET "/cities" at 2013-10-14 12:47:57 -0500
Detecting locale EN
Found page "Cities" [cities]
  Rendered snippet header
  Rendered snippet footer
  Rendered liquid page template
Completed 200 OK in 4.6ms


Started GET "/assets/img/usa.png" at 2013-10-14 12:47:57 -0500
Detecting locale EN
Page not found
Started GET "/assets/img/europe.png" at 2013-10-14 12:47:57 -0500
Started GET "/assets/img/rus.png" at 2013-10-14 12:47:57 -0500
Started GET "/assets/img/asia.png" at 2013-10-14 12:47:57 -0500
  Rendered liquid page template
Started GET "/assets/img/aus.png" at 2013-10-14 12:47:57 -0500
Detecting locale EN
Detecting locale EN
Detecting locale EN
Completed 200 OK in 21.3ms


Detecting locale EN
Page not found
Page not found
Page not found
Page not found
  Rendered liquid page template
  Rendered liquid page template
Completed 200 OK in 65.7ms


  Rendered liquid page template
Completed 200 OK in 68.5ms


  Rendered liquid page template
Completed 200 OK in 60.0ms


Completed 200 OK in 63.7ms


Started GET "/cities" at 2013-10-14 12:47:57 -0500
Detecting locale EN
Found page "Cities" [cities]
  Rendered snippet header
  Rendered snippet footer
  Rendered liquid page template
Completed 200 OK in 3.9ms


Started GET "/assets/img/europe.png" at 2013-10-14 12:47:57 -0500
Started GET "/assets/img/aus.png" at 2013-10-14 12:47:57 -0500
Started GET "/assets/img/usa.png" at 2013-10-14 12:47:57 -0500
Started GET "/assets/img/rus.png" at 2013-10-14 12:47:57 -0500
Detecting locale EN
Started GET "/assets/img/asia.png" at 2013-10-14 12:47:57 -0500
Detecting locale EN
Detecting locale EN
Detecting locale EN
Page not found
Detecting locale EN
Page not found
Page not found
Page not found
  Rendered liquid page template
Page not found
  Rendered liquid page template
  Rendered liquid page template
  Rendered liquid page template
Completed 200 OK in 62.7ms


  Rendered liquid page template
Completed 200 OK in 72.3ms


Completed 200 OK in 70.0ms


Completed 200 OK in 67.5ms


Completed 200 OK in 65.2ms


Started GET "/cities" at 2013-10-14 12:48:55 -0500
Detecting locale EN
Found page "Cities" [cities]
  Rendered snippet header
  Rendered snippet footer
  Rendered liquid page template
Completed 200 OK in 3.9ms


Started GET "/assets/img/usa.png" at 2013-10-14 12:48:55 -0500
Started GET "/assets/img/asia.png" at 2013-10-14 12:48:55 -0500
Started GET "/assets/img/europe.png" at 2013-10-14 12:48:55 -0500
Detecting locale EN
Started GET "/assets/img/aus.png" at 2013-10-14 12:48:55 -0500
Started GET "/assets/img/rus.png" at 2013-10-14 12:48:55 -0500
Detecting locale EN
Detecting locale EN
Page not found
Detecting locale EN
Detecting locale EN
Page not found
Page not found
  Rendered liquid page template
Page not found
Page not found
  Rendered liquid page template
  Rendered liquid page template
Completed 200 OK in 68.9ms


  Rendered liquid page template
  Rendered liquid page template
Completed 200 OK in 65.7ms


Completed 200 OK in 62.1ms


Completed 200 OK in 59.1ms


Completed 200 OK in 34.7ms


Started GET "/cities" at 2013-10-14 12:49:45 -0500
Detecting locale EN
Found page "Cities" [cities]
  Rendered snippet header
  Rendered snippet footer
  Rendered liquid page template
Completed 200 OK in 4.4ms


Started GET "/assets/img/usa.png" at 2013-10-14 12:49:46 -0500
Detecting locale EN
Page not found
  Rendered liquid page template
Completed 200 OK in 2.2ms


Started GET "/assets/img/europe.png" at 2013-10-14 12:49:46 -0500
Started GET "/assets/img/aus.png" at 2013-10-14 12:49:46 -0500
Started GET "/assets/img/rus.png" at 2013-10-14 12:49:46 -0500
Started GET "/assets/img/asia.png" at 2013-10-14 12:49:46 -0500
Detecting locale EN
Detecting locale EN
Detecting locale EN
Detecting locale EN
Page not found
Page not found
Page not found
Page not found
  Rendered liquid page template
Completed 200 OK in 85.6ms


  Rendered liquid page template
  Rendered liquid page template
  Rendered liquid page template
Completed 200 OK in 82.6ms


Completed 200 OK in 73.0ms


Completed 200 OK in 79.7ms


Started GET "/cities" at 2013-10-14 12:53:00 -0500
Detecting locale EN
Found page "Cities" [cities]
  Rendered snippet header
  Rendered snippet footer
  Rendered liquid page template
Completed 200 OK in 2.7ms


Started GET "/assets/img/usa.png" at 2013-10-14 12:53:00 -0500
Detecting locale EN
Started GET "/assets/img/rus.png" at 2013-10-14 12:53:00 -0500
Started GET "/assets/img/europe.png" at 2013-10-14 12:53:00 -0500
Page not found
Started GET "/assets/img/aus.png" at 2013-10-14 12:53:00 -0500
Started GET "/assets/img/asia.png" at 2013-10-14 12:53:00 -0500
Detecting locale EN
Detecting locale EN
  Rendered liquid page template
Detecting locale EN
Detecting locale EN
Page not found
Page not found
Completed 200 OK in 67.2ms


Page not found
Page not found
  Rendered liquid page template
  Rendered liquid page template
  Rendered liquid page template
  Rendered liquid page template
Completed 200 OK in 82.2ms


Completed 200 OK in 91.3ms


Completed 200 OK in 93.3ms


Completed 200 OK in 65.2ms


Started GET "/cities" at 2013-10-14 12:53:01 -0500
Detecting locale EN
Found page "Cities" [cities]
  Rendered snippet header
  Rendered snippet footer
  Rendered liquid page template
Completed 200 OK in 1.9ms


Started GET "/assets/img/europe.png" at 2013-10-14 12:53:01 -0500
Started GET "/assets/img/usa.png" at 2013-10-14 12:53:01 -0500
Detecting locale EN
Started GET "/assets/img/aus.png" at 2013-10-14 12:53:01 -0500
Started GET "/assets/img/rus.png" at 2013-10-14 12:53:01 -0500
Detecting locale EN
Started GET "/assets/img/asia.png" at 2013-10-14 12:53:01 -0500
Page not found
Detecting locale EN
Detecting locale EN
Page not found
Detecting locale EN
  Rendered liquid page template
Page not found
Page not found
  Rendered liquid page template
Page not found
Completed 200 OK in 33.0ms


  Rendered liquid page template
  Rendered liquid page template
Completed 200 OK in 30.0ms


  Rendered liquid page template
Completed 200 OK in 59.0ms


Completed 200 OK in 55.2ms


Completed 200 OK in 52.6ms


Started GET "/cities" at 2013-10-14 12:53:03 -0500
Detecting locale EN
Found page "Cities" [cities]
  Rendered snippet header
  Rendered snippet footer
  Rendered liquid page template
Completed 200 OK in 3.0ms


Started GET "/assets/img/usa.png" at 2013-10-14 12:53:03 -0500
Detecting locale EN
Started GET "/assets/img/europe.png" at 2013-10-14 12:53:03 -0500
Page not found
Started GET "/assets/img/aus.png" at 2013-10-14 12:53:03 -0500
Detecting locale EN
Started GET "/assets/img/rus.png" at 2013-10-14 12:53:03 -0500
Started GET "/assets/img/asia.png" at 2013-10-14 12:53:03 -0500
  Rendered liquid page template
Detecting locale EN
Page not found
Detecting locale EN
Detecting locale EN
Completed 200 OK in 28.1ms


Page not found
  Rendered liquid page template
Page not found
Page not found
  Rendered liquid page template
Completed 200 OK in 38.3ms


  Rendered liquid page template
  Rendered liquid page template
Completed 200 OK in 70.6ms


Completed 200 OK in 73.0ms


Completed 200 OK in 70.3ms


Started GET "/cities" at 2013-10-14 12:53:34 -0500
Detecting locale EN
Found page "Cities" [cities]
  Rendered snippet header
  Rendered snippet footer
  Rendered liquid page template
Completed 200 OK in 2.4ms


Started GET "/assets/img/usa.png" at 2013-10-14 12:53:34 -0500
Detecting locale EN
Page not found
  Rendered liquid page template
Completed 200 OK in 1.7ms


Started GET "/assets/img/europe.png" at 2013-10-14 12:53:34 -0500
Detecting locale EN
Started GET "/assets/img/rus.png" at 2013-10-14 12:53:34 -0500
Started GET "/assets/img/asia.png" at 2013-10-14 12:53:34 -0500
Started GET "/assets/img/aus.png" at 2013-10-14 12:53:34 -0500
Page not found
Detecting locale EN
Detecting locale EN
Detecting locale EN
  Rendered liquid page template
Page not found
Page not found
Page not found
Completed 200 OK in 86.0ms


  Rendered liquid page template
  Rendered liquid page template
  Rendered liquid page template
Completed 200 OK in 83.0ms


Completed 200 OK in 79.4ms


Completed 200 OK in 75.8ms


Started GET "/cities" at 2013-10-14 12:55:17 -0500
Detecting locale EN
Found page "Cities" [cities]
  Rendered snippet header
  Rendered snippet footer
  Rendered liquid page template
Completed 200 OK in 2.7ms


Started GET "/assets/img/usa.png" at 2013-10-14 12:55:17 -0500
Detecting locale EN
Page not found
  Rendered liquid page template
Started GET "/assets/img/asia.png" at 2013-10-14 12:55:17 -0500
Completed 200 OK in 9.7ms


Started GET "/assets/img/europe.png" at 2013-10-14 12:55:17 -0500
Started GET "/assets/img/aus.png" at 2013-10-14 12:55:17 -0500
Started GET "/assets/img/rus.png" at 2013-10-14 12:55:17 -0500
Detecting locale EN
Detecting locale EN
Detecting locale EN
Detecting locale EN
Page not found
Page not found
Page not found
Page not found
  Rendered liquid page template
  Rendered liquid page template
  Rendered liquid page template
  Rendered liquid page template
Completed 200 OK in 95.9ms


Completed 200 OK in 92.7ms


Completed 200 OK in 67.5ms


Completed 200 OK in 64.6ms


Started GET "/cities" at 2013-10-14 12:55:19 -0500
Detecting locale EN
Found page "Cities" [cities]
  Rendered snippet header
  Rendered snippet footer
  Rendered liquid page template
Completed 200 OK in 4.0ms


Started GET "/assets/img/usa.png" at 2013-10-14 12:55:19 -0500
Started GET "/assets/img/europe.png" at 2013-10-14 12:55:19 -0500
Started GET "/assets/img/rus.png" at 2013-10-14 12:55:19 -0500
Started GET "/assets/img/asia.png" at 2013-10-14 12:55:19 -0500
Started GET "/assets/img/aus.png" at 2013-10-14 12:55:19 -0500
Detecting locale EN
Detecting locale EN
Detecting locale EN
Detecting locale EN
Detecting locale EN
Page not found
Page not found
Page not found
Page not found
Page not found
  Rendered liquid page template
  Rendered liquid page template
  Rendered liquid page template
  Rendered liquid page template
  Rendered liquid page template
Completed 200 OK in 71.2ms


Completed 200 OK in 65.0ms


Completed 200 OK in 65.1ms


Completed 200 OK in 62.5ms


Completed 200 OK in 59.2ms


Started GET "/cities" at 2013-10-14 12:55:21 -0500
Detecting locale EN
Found page "Cities" [cities]
  Rendered snippet header
  Rendered snippet footer
  Rendered liquid page template
Completed 200 OK in 4.1ms


Started GET "/assets/img/usa.png" at 2013-10-14 12:55:21 -0500
Detecting locale EN
Page not found
  Rendered liquid page template
Completed 200 OK in 2.8ms


Started GET "/assets/img/europe.png" at 2013-10-14 12:55:21 -0500
Started GET "/assets/img/aus.png" at 2013-10-14 12:55:21 -0500
Started GET "/assets/img/rus.png" at 2013-10-14 12:55:21 -0500
Started GET "/assets/img/asia.png" at 2013-10-14 12:55:21 -0500
Detecting locale EN
Detecting locale EN
Detecting locale EN
Detecting locale EN
Page not found
Page not found
Page not found
Page not found
  Rendered liquid page template
  Rendered liquid page template
  Rendered liquid page template
  Rendered liquid page template
Completed 200 OK in 78.6ms


Completed 200 OK in 74.5ms


Completed 200 OK in 72.0ms


Completed 200 OK in 69.7ms


Started GET "/cities" at 2013-10-14 12:57:27 -0500
Detecting locale EN
Found page "Cities" [cities]
  Rendered snippet header
  Rendered snippet footer
  Rendered liquid page template
Completed 200 OK in 2.6ms


Started GET "/assets/img/usa.png" at 2013-10-14 12:57:27 -0500
Detecting locale EN
Page not found
  Rendered liquid page template
Completed 200 OK in 1.8ms


Started GET "/assets/img/rus.png" at 2013-10-14 12:57:27 -0500
Started GET "/assets/img/aus.png" at 2013-10-14 12:57:27 -0500
Started GET "/assets/img/asia.png" at 2013-10-14 12:57:27 -0500
Detecting locale EN
Started GET "/assets/img/europe.png" at 2013-10-14 12:57:27 -0500
Detecting locale EN
Detecting locale EN
Page not found
Detecting locale EN
Page not found
Page not found
  Rendered liquid page template
Page not found
  Rendered liquid page template
Completed 200 OK in 89.0ms


Completed 200 OK in 93.0ms


  Rendered liquid page template
  Rendered liquid page template
Completed 200 OK in 52.1ms


Completed 200 OK in 65.0ms


* Reloaded "pages", "snippets" at 2013-10-14 12:58:45 -0500
Started GET "/cities" at 2013-10-14 12:58:47 -0500
Detecting locale EN
Found page "Cities" [cities]
  Rendered snippet header
  Rendered snippet footer
  Rendered liquid page template
Completed 200 OK in 3.9ms


Started GET "/assets/img/aus.png" at 2013-10-14 12:58:47 -0500
Detecting locale EN
Started GET "/assets/img/rus.png" at 2013-10-14 12:58:47 -0500
Started GET "/assets/img/europe.png" at 2013-10-14 12:58:47 -0500
Started GET "/assets/img/asia.png" at 2013-10-14 12:58:47 -0500
Page not found
Detecting locale EN
Detecting locale EN
Detecting locale EN
  Rendered liquid page template
Page not found
Page not found
Page not found
Completed 200 OK in 70.8ms


  Rendered liquid page template
  Rendered liquid page template
  Rendered liquid page template
Completed 200 OK in 90.9ms


Completed 200 OK in 88.1ms


Completed 200 OK in 85.6ms


Started GET "/cities" at 2013-10-14 12:58:49 -0500
Detecting locale EN
Found page "Cities" [cities]
  Rendered snippet header
  Rendered snippet footer
  Rendered liquid page template
Completed 200 OK in 4.1ms


Started GET "/assets/img/europe.png" at 2013-10-14 12:58:49 -0500
Detecting locale EN
Page not found
  Rendered liquid page template
Completed 200 OK in 5.1ms


Started GET "/assets/img/aus.png" at 2013-10-14 12:58:49 -0500
Detecting locale EN
Started GET "/assets/img/rus.png" at 2013-10-14 12:58:49 -0500
Started GET "/assets/img/asia.png" at 2013-10-14 12:58:49 -0500
Page not found
Detecting locale EN
Detecting locale EN
  Rendered liquid page template
Page not found
Page not found
Completed 200 OK in 77.4ms


  Rendered liquid page template
  Rendered liquid page template
Completed 200 OK in 72.0ms


Completed 200 OK in 74.5ms


* Reloaded "pages", "snippets" at 2013-10-14 13:05:15 -0500
Started GET "/cities" at 2013-10-14 13:05:34 -0500
Detecting locale EN
Found page "Cities" [cities]
  Rendered snippet header
  Rendered snippet footer
  Rendered liquid page template
Completed 200 OK in 2.6ms


Started GET "/assets/img/europe.png" at 2013-10-14 13:05:34 -0500
Started GET "/assets/img/asia.png" at 2013-10-14 13:05:34 -0500
Detecting locale EN
Started GET "/assets/img/aus.png" at 2013-10-14 13:05:34 -0500
Started GET "/assets/img/rus.png" at 2013-10-14 13:05:34 -0500
Detecting locale EN
Page not found
Detecting locale EN
Detecting locale EN
Page not found
  Rendered liquid page template
Page not found
Page not found
  Rendered liquid page template
Completed 200 OK in 89.0ms


  Rendered liquid page template
  Rendered liquid page template
Completed 200 OK in 82.0ms


Completed 200 OK in 78.8ms


Completed 200 OK in 54.5ms


Started GET "/cities" at 2013-10-14 13:05:36 -0500
Detecting locale EN
Found page "Cities" [cities]
  Rendered snippet header
  Rendered snippet footer
  Rendered liquid page template
Completed 200 OK in 2.9ms


Started GET "/assets/img/aus.png" at 2013-10-14 13:05:36 -0500
Started GET "/assets/img/asia.png" at 2013-10-14 13:05:36 -0500
Started GET "/assets/img/rus.png" at 2013-10-14 13:05:36 -0500
Detecting locale EN
Started GET "/assets/img/europe.png" at 2013-10-14 13:05:36 -0500
Detecting locale EN
Detecting locale EN
Page not found
Detecting locale EN
Page not found
Page not found
  Rendered liquid page template
Page not found
  Rendered liquid page template
  Rendered liquid page template
Completed 200 OK in 82.1ms


  Rendered liquid page template
Completed 200 OK in 59.5ms


Completed 200 OK in 62.3ms


Completed 200 OK in 76.5ms


Started GET "/cities" at 2013-10-14 13:11:22 -0500
Detecting locale EN
Found page "Cities" [cities]
  Rendered snippet header
  Rendered snippet footer
  Rendered liquid page template
Completed 200 OK in 1.7ms


Started GET "/assets/img/europe.png" at 2013-10-14 13:11:22 -0500
Detecting locale EN
Started GET "/assets/img/rus.png" at 2013-10-14 13:11:22 -0500
Started GET "/assets/img/asia.png" at 2013-10-14 13:11:22 -0500
Page not found
Started GET "/assets/img/aus.png" at 2013-10-14 13:11:22 -0500
Detecting locale EN
Detecting locale EN
  Rendered liquid page template
Detecting locale EN
Page not found
Page not found
Completed 200 OK in 30.9ms


Page not found
  Rendered liquid page template
  Rendered liquid page template
  Rendered liquid page template
Completed 200 OK in 76.4ms


Completed 200 OK in 73.9ms


Completed 200 OK in 71.0ms


Started GET "/cities" at 2013-10-14 13:11:24 -0500
Detecting locale EN
Found page "Cities" [cities]
  Rendered snippet header
  Rendered snippet footer
  Rendered liquid page template
Completed 200 OK in 4.1ms


Started GET "/assets/img/europe.png" at 2013-10-14 13:11:24 -0500
Detecting locale EN
Page not found
  Rendered liquid page template
Completed 200 OK in 3.6ms


Started GET "/assets/img/rus.png" at 2013-10-14 13:11:24 -0500
Started GET "/assets/img/asia.png" at 2013-10-14 13:11:24 -0500
Started GET "/assets/img/aus.png" at 2013-10-14 13:11:24 -0500
Detecting locale EN
Detecting locale EN
Detecting locale EN
Page not found
Page not found
Page not found
  Rendered liquid page template
  Rendered liquid page template
  Rendered liquid page template
Completed 200 OK in 79.6ms


Completed 200 OK in 75.8ms


Completed 200 OK in 50.0ms


Started GET "/cities" at 2013-10-14 13:11:27 -0500
Detecting locale EN
Found page "Cities" [cities]
  Rendered snippet header
  Rendered snippet footer
  Rendered liquid page template
Completed 200 OK in 24.7ms


Started GET "/assets/img/europe.png" at 2013-10-14 13:11:27 -0500
Detecting locale EN
Page not found
  Rendered liquid page template
Completed 200 OK in 3.9ms


Started GET "/assets/img/aus.png" at 2013-10-14 13:11:27 -0500
Detecting locale EN
Page not found
  Rendered liquid page template
Completed 200 OK in 1.3ms


Started GET "/assets/img/rus.png" at 2013-10-14 13:11:27 -0500
Detecting locale EN
Page not found
  Rendered liquid page template
Completed 200 OK in 1.3ms


Started GET "/assets/img/asia.png" at 2013-10-14 13:11:27 -0500
Detecting locale EN
Page not found
  Rendered liquid page template
Completed 200 OK in 56.5ms


Started GET "/cities" at 2013-10-14 13:11:27 -0500
Detecting locale EN
Found page "Cities" [cities]
  Rendered snippet header
  Rendered snippet footer
  Rendered liquid page template
Completed 200 OK in 2.0ms


Started GET "/assets/img/aus.png" at 2013-10-14 13:11:28 -0500
Started GET "/assets/img/europe.png" at 2013-10-14 13:11:28 -0500
Detecting locale EN
Started GET "/assets/img/rus.png" at 2013-10-14 13:11:28 -0500
Started GET "/assets/img/asia.png" at 2013-10-14 13:11:28 -0500
Detecting locale EN
Page not found
Detecting locale EN
Detecting locale EN
Page not found
  Rendered liquid page template
Page not found
Page not found
  Rendered liquid page template
Completed 200 OK in 89.8ms


  Rendered liquid page template
  Rendered liquid page template
Completed 200 OK in 86.0ms


Completed 200 OK in 82.4ms


Completed 200 OK in 77.5ms


Started GET "/cities" at 2013-10-14 13:11:41 -0500
Detecting locale EN
Found page "Cities" [cities]
  Rendered snippet header
  Rendered snippet footer
  Rendered liquid page template
Completed 200 OK in 6.7ms


Started GET "/assets/img/europe.png" at 2013-10-14 13:11:41 -0500
Started GET "/assets/img/aus.png" at 2013-10-14 13:11:41 -0500
Detecting locale EN
Started GET "/assets/img/asia.png" at 2013-10-14 13:11:41 -0500
Detecting locale EN
Started GET "/assets/img/rus.png" at 2013-10-14 13:11:42 -0500
Page not found
Detecting locale EN
Page not found
Detecting locale EN
  Rendered liquid page template
Page not found
  Rendered liquid page template
Page not found
Completed 200 OK in 81.0ms


  Rendered liquid page template
Completed 200 OK in 83.5ms


  Rendered liquid page template
Completed 200 OK in 70.7ms


Completed 200 OK in 74.5ms


Started GET "/cities" at 2013-10-14 13:12:50 -0500
Detecting locale EN
Found page "Cities" [cities]
  Rendered snippet header
  Rendered snippet footer
  Rendered liquid page template
Completed 200 OK in 3.2ms


Started GET "/cities" at 2013-10-14 13:12:59 -0500
Detecting locale EN
Found page "Cities" [cities]
  Rendered snippet header
  Rendered snippet footer
  Rendered liquid page template
Completed 200 OK in 4.2ms


Started GET "/assets/img/europe.png" at 2013-10-14 13:13:00 -0500
Started GET "/assets/img/asia.png" at 2013-10-14 13:13:00 -0500
Started GET "/assets/img/aus.png" at 2013-10-14 13:13:00 -0500
Detecting locale EN
Started GET "/assets/img/rus.png" at 2013-10-14 13:13:00 -0500
Detecting locale EN
Detecting locale EN
Page not found
Detecting locale EN
Page not found
Page not found
  Rendered liquid page template
Page not found
  Rendered liquid page template
  Rendered liquid page template
Completed 200 OK in 94.3ms


  Rendered liquid page template
Completed 200 OK in 87.2ms


Completed 200 OK in 56.7ms


Completed 200 OK in 42.3ms


Started GET "/cities" at 2013-10-14 13:18:46 -0500
Detecting locale EN
Found page "Cities" [cities]
  Rendered snippet header
  Rendered snippet footer
  Rendered liquid page template
Completed 200 OK in 2.7ms


Started GET "/assets/img/europe.png" at 2013-10-14 13:18:46 -0500
Detecting locale EN
Page not found
Started GET "/assets/img/rus.png" at 2013-10-14 13:18:46 -0500
Started GET "/assets/img/asia.png" at 2013-10-14 13:18:46 -0500
Started GET "/assets/img/aus.png" at 2013-10-14 13:18:46 -0500
  Rendered liquid page template
Detecting locale EN
Detecting locale EN
Detecting locale EN
Completed 200 OK in 66.1ms


Page not found
Page not found
Page not found
  Rendered liquid page template
  Rendered liquid page template
  Rendered liquid page template
Completed 200 OK in 81.3ms


Completed 200 OK in 77.8ms


Completed 200 OK in 50.5ms


* Reloaded "pages", "snippets" at 2013-10-14 13:31:39 -0500
Started GET "/cities" at 2013-10-14 13:32:19 -0500
Detecting locale EN
Found page "Cities" [cities]
  Rendered snippet header
  Rendered snippet footer
  Rendered liquid page template
Completed 200 OK in 4.4ms


Started GET "/assets/img/europe.png" at 2013-10-14 13:32:20 -0500
Detecting locale EN
Page not found
  Rendered liquid page template
Completed 200 OK in 1.5ms


Started GET "/assets/img/rus.png" at 2013-10-14 13:32:20 -0500
Detecting locale EN
Page not found
  Rendered liquid page template
Completed 200 OK in 1.9ms


Started GET "/assets/img/aus.png" at 2013-10-14 13:32:20 -0500
Started GET "/assets/img/asia.png" at 2013-10-14 13:32:20 -0500
Detecting locale EN
Detecting locale EN
Page not found
Page not found
  Rendered liquid page template
Completed 200 OK in 2.2ms


  Rendered liquid page template
Completed 200 OK in 8.4ms


Started GET "/cities" at 2013-10-14 13:33:30 -0500
Detecting locale EN
Found page "Cities" [cities]
  Rendered snippet header
  Rendered snippet footer
  Rendered liquid page template
Completed 200 OK in 2.6ms


Started GET "/assets/img/aus.png" at 2013-10-14 13:33:33 -0500
Started GET "/assets/img/europe.png" at 2013-10-14 13:33:33 -0500
Detecting locale EN
Started GET "/assets/img/rus.png" at 2013-10-14 13:33:33 -0500
Started GET "/assets/img/asia.png" at 2013-10-14 13:33:33 -0500
Detecting locale EN
Page not found
Detecting locale EN
Detecting locale EN
Page not found
  Rendered liquid page template
Page not found
Page not found
  Rendered liquid page template
Completed 200 OK in 121.9ms


  Rendered liquid page template
  Rendered liquid page template
Completed 200 OK in 115.8ms


Completed 200 OK in 108.1ms


Completed 200 OK in 101.3ms


Started GET "/cities" at 2013-10-14 13:33:38 -0500
Detecting locale EN
Found page "Cities" [cities]
  Rendered snippet header
  Rendered snippet footer
  Rendered liquid page template
Completed 200 OK in 4.0ms


Started GET "/cities" at 2013-10-14 13:33:39 -0500
Detecting locale EN
Found page "Cities" [cities]
  Rendered snippet header
  Rendered snippet footer
  Rendered liquid page template
Completed 200 OK in 3.9ms


Started GET "/cities" at 2013-10-14 13:33:39 -0500
Detecting locale EN
Found page "Cities" [cities]
  Rendered snippet header
  Rendered snippet footer
  Rendered liquid page template
Completed 200 OK in 4.0ms


Started GET "/assets/img/europe.png" at 2013-10-14 13:33:39 -0500
Started GET "/assets/img/aus.png" at 2013-10-14 13:33:39 -0500
Started GET "/assets/img/rus.png" at 2013-10-14 13:33:39 -0500
Started GET "/assets/img/asia.png" at 2013-10-14 13:33:39 -0500
Detecting locale EN
Detecting locale EN
Detecting locale EN
Detecting locale EN
Page not found
Page not found
Page not found
Page not found
  Rendered liquid page template
  Rendered liquid page template
  Rendered liquid page template
  Rendered liquid page template
Completed 200 OK in 81.5ms


Completed 200 OK in 79.0ms


Completed 200 OK in 75.4ms


Completed 200 OK in 71.0ms


* Reloaded "pages", "snippets" at 2013-10-14 13:37:23 -0500
Started GET "/cities" at 2013-10-14 13:37:50 -0500
Detecting locale EN
Found page "Cities" [cities]
  Rendered snippet header
  Rendered snippet footer
  Rendered liquid page template
Completed 200 OK in 2.7ms


Started GET "/assets/img/europe.png" at 2013-10-14 13:37:50 -0500
Detecting locale EN
Page not found
  Rendered liquid page template
Completed 200 OK in 3.1ms


Started GET "/assets/img/rus.png" at 2013-10-14 13:37:50 -0500
Started GET "/assets/img/asia.png" at 2013-10-14 13:37:50 -0500
Started GET "/assets/img/aus.png" at 2013-10-14 13:37:50 -0500
Detecting locale EN
Detecting locale EN
Detecting locale EN
Page not found
Page not found
Page not found
  Rendered liquid page template
  Rendered liquid page template
  Rendered liquid page template
Completed 200 OK in 78.3ms


Completed 200 OK in 75.2ms


Completed 200 OK in 39.6ms


Started GET "/cities" at 2013-10-14 14:18:18 -0500
Detecting locale EN
Found page "Cities" [cities]
  Rendered snippet header
  Rendered snippet footer
  Rendered liquid page template
Completed 200 OK in 2.0ms


Started GET "/assets/img/europe.png" at 2013-10-14 14:18:18 -0500
Started GET "/assets/img/aus.png" at 2013-10-14 14:18:18 -0500
Started GET "/assets/img/rus.png" at 2013-10-14 14:18:18 -0500
Started GET "/assets/img/asia.png" at 2013-10-14 14:18:18 -0500
Detecting locale EN
Detecting locale EN
Detecting locale EN
Detecting locale EN
Page not found
Page not found
Page not found
Page not found
  Rendered liquid page template
  Rendered liquid page template
  Rendered liquid page template
  Rendered liquid page template
Completed 200 OK in 99.1ms


Completed 200 OK in 96.4ms


Completed 200 OK in 93.9ms


Completed 200 OK in 91.3ms


* Reloaded "pages", "snippets" at 2013-10-14 14:21:30 -0500
Started GET "/cities" at 2013-10-14 14:21:31 -0500
Detecting locale EN
Found page "Cities" [cities]
  Rendered snippet header
  Rendered snippet footer
  Rendered liquid page template
Completed 200 OK in 3.3ms


Started GET "/assets/img/aus.png" at 2013-10-14 14:21:31 -0500
Started GET "/assets/img/rus.png" at 2013-10-14 14:21:31 -0500
Started GET "/assets/img/asia.png" at 2013-10-14 14:21:31 -0500
Detecting locale EN
Detecting locale EN
Detecting locale EN
Page not found
Page not found
Page not found
  Rendered liquid page template
  Rendered liquid page template
  Rendered liquid page template
Completed 200 OK in 77.6ms


Completed 200 OK in 82.6ms


Completed 200 OK in 87.5ms


* Reloaded "pages", "snippets" at 2013-10-14 14:22:31 -0500
Started GET "/cities" at 2013-10-14 14:22:36 -0500
Detecting locale EN
Found page "Cities" [cities]
  Rendered snippet header
  Rendered snippet footer
  Rendered liquid page template
Completed 200 OK in 2.0ms


Started GET "/assets/img/asia.png" at 2013-10-14 14:22:36 -0500
Detecting locale EN
Page not found
  Rendered liquid page template
Completed 200 OK in 45.7ms


* Reloaded "pages", "snippets" at 2013-10-14 14:23:59 -0500
Started GET "/cities" at 2013-10-14 14:24:02 -0500
Detecting locale EN
Found page "Cities" [cities]
  Rendered snippet header
  Rendered snippet footer
  Rendered liquid page template
Completed 200 OK in 4.2ms


Started GET "/cities" at 2013-10-14 14:25:04 -0500
Detecting locale EN
Found page "Cities" [cities]
  Rendered snippet header
  Rendered snippet footer
  Rendered liquid page template
Completed 200 OK in 4.4ms


Started GET "/cities" at 2013-10-14 14:25:20 -0500
Detecting locale EN
Found page "Cities" [cities]
  Rendered snippet header
  Rendered snippet footer
  Rendered liquid page template
Completed 200 OK in 3.1ms


Started GET "/cities" at 2013-10-14 14:35:57 -0500
Detecting locale EN
Found page "Cities" [cities]
  Rendered snippet header
  Rendered snippet footer
  Rendered liquid page template
Completed 200 OK in 4.3ms


Started GET "/cities" at 2013-10-14 14:35:58 -0500
Detecting locale EN
Found page "Cities" [cities]
  Rendered snippet header
  Rendered snippet footer
  Rendered liquid page template
Completed 200 OK in 4.3ms


Started GET "/cities" at 2013-10-14 14:35:59 -0500
Detecting locale EN
Found page "Cities" [cities]
  Rendered snippet header
  Rendered snippet footer
  Rendered liquid page template
Completed 200 OK in 4.2ms


Started GET "/cities" at 2013-10-14 14:36:00 -0500
Detecting locale EN
Found page "Cities" [cities]
  Rendered snippet header
  Rendered snippet footer
  Rendered liquid page template
Completed 200 OK in 4.6ms


Started GET "/cities" at 2013-10-14 14:36:01 -0500
Detecting locale EN
Found page "Cities" [cities]
  Rendered snippet header
  Rendered snippet footer
  Rendered liquid page template
Completed 200 OK in 4.3ms


Started GET "/cities" at 2013-10-14 14:36:01 -0500
Detecting locale EN
Found page "Cities" [cities]
  Rendered snippet header
  Rendered snippet footer
  Rendered liquid page template
Completed 200 OK in 4.2ms


Started GET "/cities" at 2013-10-14 14:36:07 -0500
Detecting locale EN
Found page "Cities" [cities]
  Rendered snippet header
  Rendered snippet footer
  Rendered liquid page template
Completed 200 OK in 4.4ms


Started GET "/cities" at 2013-10-14 14:36:07 -0500
Detecting locale EN
Found page "Cities" [cities]
  Rendered snippet header
  Rendered snippet footer
  Rendered liquid page template
Completed 200 OK in 4.3ms


Started GET "/cities" at 2013-10-14 15:36:54 -0500
Detecting locale EN
Found page "Cities" [cities]
  Rendered snippet header
  Rendered snippet footer
  Rendered liquid page template
Completed 200 OK in 3.9ms


Started GET "/cities" at 2013-10-14 15:38:19 -0500
Detecting locale EN
Found page "Cities" [cities]
  Rendered snippet header
  Rendered snippet footer
  Rendered liquid page template
Completed 200 OK in 4.4ms


Started GET "/cities" at 2013-10-14 15:38:20 -0500
Detecting locale EN
Found page "Cities" [cities]
  Rendered snippet header
  Rendered snippet footer
  Rendered liquid page template
Completed 200 OK in 4.2ms


Started GET "/cities" at 2013-10-14 15:38:22 -0500
Detecting locale EN
Found page "Cities" [cities]
  Rendered snippet header
  Rendered snippet footer
  Rendered liquid page template
Completed 200 OK in 2.1ms


Started GET "/cities" at 2013-10-14 15:38:24 -0500
Detecting locale EN
Found page "Cities" [cities]
  Rendered snippet header
  Rendered snippet footer
  Rendered liquid page template
Completed 200 OK in 1.7ms


Started GET "/cities" at 2013-10-14 15:38:36 -0500
Detecting locale EN
Found page "Cities" [cities]
  Rendered snippet header
  Rendered snippet footer
  Rendered liquid page template
Completed 200 OK in 3.0ms


Started GET "/" at 2013-10-14 15:41:51 -0500
Detecting locale EN
Found page "Home page" [index]
  Rendered snippet header
  Rendered snippet footer
  Rendered liquid page template
Completed 200 OK in 2.4ms


Started GET "/" at 2013-10-14 15:41:55 -0500
Detecting locale EN
Found page "Home page" [index]
  Rendered snippet header
  Rendered snippet footer
  Rendered liquid page template
Completed 200 OK in 1.9ms


Started GET "/" at 2013-10-14 15:41:56 -0500
Detecting locale EN
Found page "Home page" [index]
  Rendered snippet header
  Rendered snippet footer
  Rendered liquid page template
Completed 200 OK in 2.9ms


Started GET "/" at 2013-10-14 15:42:37 -0500
Detecting locale EN
Found page "Home page" [index]
  Rendered snippet header
  Rendered snippet footer
  Rendered liquid page template
Completed 200 OK in 1.7ms


Started GET "/" at 2013-10-14 15:42:38 -0500
Detecting locale EN
Found page "Home page" [index]
  Rendered snippet header
  Rendered snippet footer
  Rendered liquid page template
Completed 200 OK in 2.1ms


Started GET "/" at 2013-10-14 15:42:39 -0500
Detecting locale EN
Found page "Home page" [index]
  Rendered snippet header
  Rendered snippet footer
  Rendered liquid page template
Completed 200 OK in 3.5ms


Started GET "/" at 2013-10-14 15:42:40 -0500
Detecting locale EN
Found page "Home page" [index]
  Rendered snippet header
  Rendered snippet footer
  Rendered liquid page template
Completed 200 OK in 2.5ms


Started GET "/" at 2013-10-14 15:46:29 -0500
Detecting locale EN
Found page "Home page" [index]
  Rendered snippet header
  Rendered snippet footer
  Rendered liquid page template
Completed 200 OK in 3.4ms


Started GET "/" at 2013-10-14 15:47:11 -0500
Detecting locale EN
Found page "Home page" [index]
  Rendered snippet header
  Rendered snippet footer
  Rendered liquid page template
Completed 200 OK in 1.5ms


Started GET "/cities" at 2013-10-14 15:48:53 -0500
Detecting locale EN
Found page "Cities" [cities]
  Rendered snippet header
  Rendered snippet footer
  Rendered liquid page template
Completed 200 OK in 4.0ms


Started GET "/cities" at 2013-10-14 15:52:54 -0500
Detecting locale EN
Found page "Cities" [cities]
  Rendered snippet header
  Rendered snippet footer
  Rendered liquid page template
Completed 200 OK in 2.2ms


Started GET "/cities" at 2013-10-14 15:56:12 -0500
Detecting locale EN
Found page "Cities" [cities]
  Rendered snippet header
  Rendered snippet footer
  Rendered liquid page template
Completed 200 OK in 2.5ms


Started GET "/cities" at 2013-10-14 15:57:44 -0500
Detecting locale EN
Found page "Cities" [cities]
  Rendered snippet header
  Rendered snippet footer
  Rendered liquid page template
Completed 200 OK in 2.7ms


* Reloaded "pages", "snippets" at 2013-10-14 16:07:19 -0500
Started GET "/" at 2013-10-14 16:07:21 -0500
Detecting locale EN
Found page "Home page" [index]
  Rendered snippet header
  Rendered snippet footer
  Rendered liquid page template
Completed 200 OK in 3.5ms


Started GET "/" at 2013-10-14 17:00:11 -0500
Detecting locale EN
Found page "Home page" [index]
  Rendered snippet header
  Rendered snippet footer
  Rendered liquid page template
Completed 200 OK in 2.0ms


Started GET "/" at 2013-10-14 17:00:13 -0500
Detecting locale EN
Found page "Home page" [index]
  Rendered snippet header
  Rendered snippet footer
  Rendered liquid page template
Completed 200 OK in 3.6ms


Started GET "/" at 2013-10-14 17:00:14 -0500
Detecting locale EN
Found page "Home page" [index]
  Rendered snippet header
  Rendered snippet footer
  Rendered liquid page template
Completed 200 OK in 3.2ms


Started GET "/" at 2013-10-14 17:00:14 -0500
Detecting locale EN
Found page "Home page" [index]
  Rendered snippet header
  Rendered snippet footer
  Rendered liquid page template
Completed 200 OK in 2.7ms


* Reloaded "pages", "snippets" at 2013-10-14 17:02:45 -0500
* Reloaded "pages", "snippets" at 2013-10-14 17:03:22 -0500
* Reloaded "pages", "snippets" at 2013-10-14 17:03:42 -0500
Started GET "/" at 2013-10-14 17:05:17 -0500
Detecting locale EN
Found page "Home page" [index]
  Rendered snippet header
  Rendered snippet caracteristicas
  Rendered snippet footer
  Rendered liquid page template
Completed 200 OK in 2.4ms


* Reloaded "pages", "snippets" at 2013-10-14 17:07:36 -0500
Started GET "/" at 2013-10-14 17:07:37 -0500
Detecting locale EN
Found page "Home page" [index]
  Rendered snippet header
  Rendered snippet caracteristicas
  Rendered snippet footer
  Rendered liquid page template
Completed 200 OK in 3.5ms


* Reloaded "pages", "snippets" at 2013-10-14 17:08:33 -0500
Started GET "/" at 2013-10-14 17:08:35 -0500
Detecting locale EN
Found page "Home page" [index]
  Rendered snippet header
  Rendered snippet caracteristicas
  Rendered snippet footer
  Rendered liquid page template
Completed 200 OK in 2.2ms


Started GET "/" at 2013-10-14 17:09:34 -0500
Detecting locale EN
Found page "Home page" [index]
  Rendered snippet header
  Rendered snippet caracteristicas
  Rendered snippet footer
  Rendered liquid page template
Completed 200 OK in 2.5ms


* Reloaded "pages", "snippets" at 2013-10-14 17:10:34 -0500
Started GET "/" at 2013-10-14 17:10:37 -0500
Detecting locale EN
Found page "Home page" [index]
  Rendered snippet header
  Rendered snippet caracteristicas
  Rendered snippet footer
  Rendered liquid page template
Completed 200 OK in 2.8ms


Started GET "/" at 2013-10-14 17:14:42 -0500
Detecting locale EN
Found page "Home page" [index]
  Rendered snippet header
  Rendered snippet caracteristicas
  Rendered snippet footer
  Rendered liquid page template
Completed 200 OK in 2.1ms


Started GET "/" at 2013-10-14 17:14:47 -0500
Detecting locale EN
Found page "Home page" [index]
  Rendered snippet header
  Rendered snippet caracteristicas
  Rendered snippet footer
  Rendered liquid page template
Completed 200 OK in 3.5ms


Started GET "/" at 2013-10-14 17:15:54 -0500
Detecting locale EN
Found page "Home page" [index]
  Rendered snippet header
  Rendered snippet caracteristicas
  Rendered snippet footer
  Rendered liquid page template
Completed 200 OK in 2.3ms


Started GET "/" at 2013-10-14 17:16:11 -0500
Detecting locale EN
Found page "Home page" [index]
  Rendered snippet header
  Rendered snippet caracteristicas
  Rendered snippet footer
  Rendered liquid page template
Completed 200 OK in 2.2ms


* Reloaded "pages", "snippets" at 2013-10-14 17:18:15 -0500
Started GET "/" at 2013-10-14 17:18:17 -0500
Detecting locale EN
Found page "Home page" [index]
  Rendered snippet header
  Rendered snippet caracteristicas
  Rendered snippet footer
  Rendered liquid page template
Completed 200 OK in 2.2ms


Started GET "/" at 2013-10-14 17:18:18 -0500
Detecting locale EN
Found page "Home page" [index]
  Rendered snippet header
  Rendered snippet caracteristicas
  Rendered snippet footer
  Rendered liquid page template
Completed 200 OK in 3.6ms


Started GET "/" at 2013-10-14 17:18:19 -0500
Detecting locale EN
Found page "Home page" [index]
  Rendered snippet header
  Rendered snippet caracteristicas
  Rendered snippet footer
  Rendered liquid page template
Completed 200 OK in 3.7ms


Started GET "/" at 2013-10-14 17:18:21 -0500
Detecting locale EN
Found page "Home page" [index]
  Rendered snippet header
  Rendered snippet caracteristicas
  Rendered snippet footer
  Rendered liquid page template
Completed 200 OK in 4.3ms


Started GET "/" at 2013-10-14 17:20:03 -0500
Detecting locale EN
Found page "Home page" [index]
  Rendered snippet header
  Rendered snippet caracteristicas
  Rendered snippet footer
  Rendered liquid page template
Completed 200 OK in 3.7ms


Started GET "/" at 2013-10-14 17:20:08 -0500
Detecting locale EN
Found page "Home page" [index]
  Rendered snippet header
  Rendered snippet caracteristicas
  Rendered snippet footer
  Rendered liquid page template
Completed 200 OK in 3.5ms


Started GET "/" at 2013-10-14 17:22:00 -0500
Detecting locale EN
Found page "Home page" [index]
  Rendered snippet header
  Rendered snippet caracteristicas
  Rendered snippet footer
  Rendered liquid page template
Completed 200 OK in 3.7ms


* Reloaded "pages", "snippets" at 2013-10-14 17:22:28 -0500
Started GET "/" at 2013-10-14 17:22:30 -0500
Detecting locale EN
Found page "Home page" [index]
  Rendered snippet header
  Rendered snippet caracteristicas
  Rendered snippet footer
  Rendered liquid page template
Completed 200 OK in 3.7ms


Started GET "/" at 2013-10-14 17:22:32 -0500
Detecting locale EN
Found page "Home page" [index]
  Rendered snippet header
  Rendered snippet caracteristicas
  Rendered snippet footer
  Rendered liquid page template
Completed 200 OK in 3.9ms


Started GET "/" at 2013-10-14 17:22:35 -0500
Detecting locale EN
Found page "Home page" [index]
  Rendered snippet header
  Rendered snippet caracteristicas
  Rendered snippet footer
  Rendered liquid page template
Completed 200 OK in 3.7ms


Started GET "/" at 2013-10-14 17:24:27 -0500
Detecting locale EN
Found page "Home page" [index]
  Rendered snippet header
  Rendered snippet caracteristicas
  Rendered snippet footer
  Rendered liquid page template
Completed 200 OK in 3.8ms


* Reloaded "pages", "snippets" at 2013-10-14 17:26:58 -0500
Started GET "/" at 2013-10-14 17:27:31 -0500
Detecting locale EN
Found page "Home page" [index]
  Rendered snippet header
  Rendered snippet caracteristicas
  Rendered snippet footer
  Rendered liquid page template
Completed 200 OK in 3.0ms


Started GET "/" at 2013-10-14 17:27:33 -0500
Detecting locale EN
Found page "Home page" [index]
  Rendered snippet header
  Rendered snippet caracteristicas
  Rendered snippet footer
  Rendered liquid page template
Completed 200 OK in 3.2ms


Started GET "/" at 2013-10-14 17:28:15 -0500
Detecting locale EN
Found page "Home page" [index]
  Rendered snippet header
  Rendered snippet caracteristicas
  Rendered snippet footer
  Rendered liquid page template
Completed 200 OK in 2.4ms


Started GET "/" at 2013-10-14 17:28:19 -0500
Detecting locale EN
Found page "Home page" [index]
  Rendered snippet header
  Rendered snippet caracteristicas
  Rendered snippet footer
  Rendered liquid page template
Completed 200 OK in 3.8ms


* Reloaded "pages", "snippets" at 2013-10-14 17:31:23 -0500
Started GET "/" at 2013-10-14 17:31:40 -0500
Detecting locale EN
Found page "Home page" [index]
  Rendered snippet header
  Rendered snippet caracteristicas
  Rendered snippet footer
  Rendered liquid page template
Completed 200 OK in 3.5ms


* Reloaded "pages", "snippets" at 2013-10-14 17:32:25 -0500
Started GET "/" at 2013-10-14 17:32:26 -0500
Detecting locale EN
Found page "Home page" [index]
  Rendered snippet header
  Rendered snippet caracteristicas
  Rendered snippet footer
  Rendered liquid page template
Completed 200 OK in 2.2ms


* Reloaded "pages", "snippets" at 2013-10-14 17:33:06 -0500
* Reloaded "pages", "snippets" at 2013-10-14 17:34:23 -0500
Started GET "/" at 2013-10-14 17:34:25 -0500
Detecting locale EN
Found page "Home page" [index]
  Rendered snippet header
  Rendered snippet caracteristicas
  Rendered snippet footer
  Rendered liquid page template
Completed 200 OK in 2.2ms


* Reloaded "pages", "snippets" at 2013-10-14 17:34:32 -0500
Started GET "/" at 2013-10-14 17:34:33 -0500
Detecting locale EN
Found page "Home page" [index]
  Rendered snippet header
  Rendered snippet caracteristicas
  Rendered snippet footer
  Rendered liquid page template
Completed 200 OK in 2.0ms


Started GET "/" at 2013-10-14 17:34:58 -0500
Detecting locale EN
Found page "Home page" [index]
  Rendered snippet header
  Rendered snippet caracteristicas
  Rendered snippet footer
  Rendered liquid page template
Completed 200 OK in 3.8ms


Started GET "/" at 2013-10-14 17:36:41 -0500
Detecting locale EN
Found page "Home page" [index]
  Rendered snippet header
  Rendered snippet caracteristicas
  Rendered snippet footer
  Rendered liquid page template
Completed 200 OK in 4.8ms


* Reloaded "pages", "snippets" at 2013-10-14 17:37:26 -0500
Started GET "/" at 2013-10-14 17:37:27 -0500
Detecting locale EN
Found page "Home page" [index]
  Rendered snippet header
  Rendered snippet caracteristicas
  Rendered snippet footer
  Rendered liquid page template
Completed 200 OK in 2.3ms


* Reloaded "pages", "snippets" at 2013-10-14 17:39:06 -0500
Started GET "/" at 2013-10-14 17:39:07 -0500
Detecting locale EN
Found page "Home page" [index]
  Rendered snippet header
  Rendered snippet caracteristicas
  Rendered snippet footer
  Rendered liquid page template
Completed 200 OK in 2.2ms


* Reloaded "pages", "snippets" at 2013-10-14 17:48:14 -0500
* Reloaded "pages", "snippets" at 2013-10-14 17:48:16 -0500
* Reloaded "pages", "snippets" at 2013-10-14 17:48:35 -0500
Started GET "/" at 2013-10-14 17:48:38 -0500
Detecting locale EN
Found page "Home page" [index]
  Rendered snippet header
  Rendered snippet caracteristicas
  Rendered snippet battle_glance
  Rendered snippet footer
  Rendered liquid page template
Completed 200 OK in 3.6ms


* Reloaded "pages", "snippets" at 2013-10-14 17:48:47 -0500
* Reloaded "pages", "snippets" at 2013-10-14 17:50:08 -0500
Started GET "/" at 2013-10-14 17:50:09 -0500
Detecting locale EN
Found page "Home page" [index]
  Rendered snippet header
  Rendered snippet caracteristicas
  Rendered snippet battle_glance
  Rendered snippet footer
  Rendered liquid page template
Completed 200 OK in 3.2ms


* Reloaded "pages", "snippets" at 2013-10-14 17:50:22 -0500
Started GET "/" at 2013-10-14 17:50:26 -0500
Detecting locale EN
Found page "Home page" [index]
  Rendered snippet header
  Rendered snippet caracteristicas
  Rendered snippet battle_glance
  Rendered snippet footer
  Rendered liquid page template
Completed 200 OK in 2.7ms


Started GET "/" at 2013-10-14 17:51:10 -0500
Detecting locale EN
Found page "Home page" [index]
  Rendered snippet header
  Rendered snippet caracteristicas
  Rendered snippet battle_glance
  Rendered snippet footer
  Rendered liquid page template
Completed 200 OK in 2.3ms


Started GET "/" at 2013-10-14 17:51:53 -0500
Detecting locale EN
Found page "Home page" [index]
  Rendered snippet header
  Rendered snippet caracteristicas
  Rendered snippet battle_glance
  Rendered snippet footer
  Rendered liquid page template
Completed 200 OK in 2.3ms


Started GET "/" at 2013-10-14 17:52:11 -0500
Detecting locale EN
Found page "Home page" [index]
  Rendered snippet header
  Rendered snippet caracteristicas
  Rendered snippet battle_glance
  Rendered snippet footer
  Rendered liquid page template
Completed 200 OK in 4.1ms


* Reloaded "pages", "snippets" at 2013-10-14 17:52:55 -0500
Started GET "/" at 2013-10-14 17:52:58 -0500
Detecting locale EN
Found page "Home page" [index]
  Rendered snippet header
  Rendered snippet caracteristicas
  Rendered snippet battle_glance
  Rendered snippet footer
  Rendered liquid page template
Completed 200 OK in 3.4ms


Started GET "/" at 2013-10-14 17:53:02 -0500
Detecting locale EN
Found page "Home page" [index]
  Rendered snippet header
  Rendered snippet caracteristicas
  Rendered snippet battle_glance
  Rendered snippet footer
  Rendered liquid page template
Completed 200 OK in 4.0ms


Started GET "/" at 2013-10-14 17:53:30 -0500
Detecting locale EN
Found page "Home page" [index]
  Rendered snippet header
  Rendered snippet caracteristicas
  Rendered snippet battle_glance
  Rendered snippet footer
  Rendered liquid page template
Completed 200 OK in 2.5ms


* Reloaded "pages", "snippets" at 2013-10-14 17:55:13 -0500
Started GET "/" at 2013-10-14 17:55:50 -0500
Detecting locale EN
Found page "Home page" [index]
  Rendered snippet header
  Rendered snippet caracteristicas
  Rendered snippet battle_glance
  Rendered snippet footer
  Rendered liquid page template
Completed 200 OK in 3.0ms


Started GET "/" at 2013-10-14 17:56:07 -0500
Detecting locale EN
Found page "Home page" [index]
  Rendered snippet header
  Rendered snippet caracteristicas
  Rendered snippet battle_glance
  Rendered snippet footer
  Rendered liquid page template
Completed 200 OK in 2.7ms


* Reloaded "pages", "snippets" at 2013-10-14 17:57:26 -0500
* Reloaded "pages", "snippets" at 2013-10-14 17:58:24 -0500
Started GET "/" at 2013-10-14 17:59:15 -0500
Detecting locale EN
Found page "Home page" [index]
  Rendered snippet header
  Rendered snippet caracteristicas
  Rendered snippet battle_glance
  Rendered snippet footer
  Rendered liquid page template
Completed 200 OK in 2.3ms


* Reloaded "pages", "snippets" at 2013-10-14 17:59:22 -0500
Started GET "/" at 2013-10-14 17:59:23 -0500
Detecting locale EN
Found page "Home page" [index]
  Rendered snippet header
  Rendered snippet caracteristicas
  Rendered snippet battle_glance
  Rendered snippet footer
  Rendered liquid page template
Completed 200 OK in 3.0ms


* Reloaded "pages", "snippets" at 2013-10-14 18:00:49 -0500
Started GET "/" at 2013-10-14 18:00:50 -0500
Detecting locale EN
Found page "Home page" [index]
  Rendered snippet header
  Rendered snippet caracteristicas
  Rendered snippet battle_glance
  Rendered snippet footer
  Rendered liquid page template
Completed 200 OK in 4.5ms


Started GET "/" at 2013-10-14 18:06:13 -0500
Detecting locale EN
Found page "Home page" [index]
  Rendered snippet header
  Rendered snippet caracteristicas
  Rendered snippet battle_glance
  Rendered snippet footer
  Rendered liquid page template
Completed 200 OK in 3.8ms


Started GET "/" at 2013-10-14 18:06:16 -0500
Detecting locale EN
Found page "Home page" [index]
  Rendered snippet header
  Rendered snippet caracteristicas
  Rendered snippet battle_glance
  Rendered snippet footer
  Rendered liquid page template
Completed 200 OK in 2.5ms


* Reloaded "pages", "snippets" at 2013-10-14 18:06:21 -0500
Started GET "/" at 2013-10-14 18:06:23 -0500
Detecting locale EN
Found page "Home page" [index]
  Rendered snippet header
  Rendered snippet caracteristicas
  Rendered snippet battle_glance
  Rendered snippet footer
  Rendered liquid page template
Completed 200 OK in 2.3ms


* Reloaded "pages", "snippets" at 2013-10-14 18:06:37 -0500
Started GET "/" at 2013-10-14 18:06:39 -0500
Detecting locale EN
Found page "Home page" [index]
  Rendered snippet header
  Rendered snippet caracteristicas
  Rendered snippet battle_glance
  Rendered snippet footer
  Rendered liquid page template
Completed 200 OK in 2.0ms


Started GET "/" at 2013-10-14 18:09:26 -0500
Detecting locale EN
Found page "Home page" [index]
  Rendered snippet header
  Rendered snippet caracteristicas
  Rendered snippet battle_glance
  Rendered snippet footer
  Rendered liquid page template
Completed 200 OK in 4.2ms


Started GET "/" at 2013-10-14 18:10:56 -0500
Detecting locale EN
Found page "Home page" [index]
  Rendered snippet header
  Rendered snippet caracteristicas
  Rendered snippet battle_glance
  Rendered snippet footer
  Rendered liquid page template
Completed 200 OK in 2.3ms


Started GET "/" at 2013-10-14 18:11:14 -0500
Detecting locale EN
Found page "Home page" [index]
  Rendered snippet header
  Rendered snippet caracteristicas
  Rendered snippet battle_glance
  Rendered snippet footer
  Rendered liquid page template
Completed 200 OK in 3.2ms


* Reloaded "pages", "snippets" at 2013-10-14 18:19:34 -0500
Started GET "/" at 2013-10-14 18:19:38 -0500
Detecting locale EN
Found page "Home page" [index]
  Rendered snippet header
  Rendered snippet caracteristicas
  Rendered snippet battle_glance
  Rendered snippet footer
  Rendered liquid page template
Completed 200 OK in 4.5ms


Started GET "/" at 2013-10-14 18:24:53 -0500
Detecting locale EN
Found page "Home page" [index]
  Rendered snippet header
  Rendered snippet caracteristicas
  Rendered snippet battle_glance
  Rendered snippet footer
  Rendered liquid page template
Completed 200 OK in 4.5ms


* Reloaded "pages", "snippets" at 2013-10-14 18:28:36 -0500
Started GET "/" at 2013-10-14 18:28:38 -0500
Detecting locale EN
Found page "Home page" [index]
  Rendered snippet header
  Rendered snippet caracteristicas
  Rendered snippet battle_glance
  Rendered snippet footer
  Rendered liquid page template
Completed 200 OK in 2.4ms


* Reloaded "pages", "snippets" at 2013-10-14 18:30:43 -0500
Started GET "/" at 2013-10-14 18:30:44 -0500
Detecting locale EN
Found page "Home page" [index]
  Rendered snippet header
  Rendered snippet caracteristicas
  Rendered snippet battle_glance
  Rendered snippet footer
  Rendered liquid page template
Completed 200 OK in 3.5ms


* Reloaded "pages", "snippets" at 2013-10-14 18:30:53 -0500
Started GET "/" at 2013-10-14 18:30:55 -0500
Detecting locale EN
Found page "Home page" [index]
  Rendered snippet header
  Rendered snippet caracteristicas
  Rendered snippet battle_glance
  Rendered snippet footer
  Rendered liquid page template
Completed 200 OK in 2.9ms


* Reloaded "pages", "snippets" at 2013-10-14 18:32:41 -0500
Started GET "/" at 2013-10-14 18:32:43 -0500
Detecting locale EN
Found page "Home page" [index]
  Rendered snippet header
  Rendered snippet caracteristicas
  Rendered snippet battle_glance
  Rendered snippet footer
  Rendered liquid page template
Completed 200 OK in 3.5ms


* Reloaded "pages", "snippets" at 2013-10-14 18:34:03 -0500
Started GET "/" at 2013-10-14 18:34:05 -0500
Detecting locale EN
Found page "Home page" [index]
  Rendered snippet header
  Rendered snippet caracteristicas
  Rendered snippet battle_glance
  Rendered snippet footer
  Rendered liquid page template
Completed 200 OK in 3.1ms


Started GET "/" at 2013-10-14 18:34:52 -0500
Detecting locale EN
Found page "Home page" [index]
  Rendered snippet header
  Rendered snippet caracteristicas
  Rendered snippet battle_glance
  Rendered snippet footer
  Rendered liquid page template
Completed 200 OK in 28.6ms


* Reloaded "pages", "snippets" at 2013-10-14 18:38:24 -0500
Started GET "/" at 2013-10-14 18:38:25 -0500
Detecting locale EN
Found page "Home page" [index]
  Rendered snippet header
  Rendered snippet caracteristicas
  Rendered snippet battle_glance
  Rendered snippet footer
  Rendered liquid page template
Completed 200 OK in 4.7ms


Started GET "/" at 2013-10-14 18:38:33 -0500
Detecting locale EN
Found page "Home page" [index]
  Rendered snippet header
  Rendered snippet caracteristicas
  Rendered snippet battle_glance
  Rendered snippet footer
  Rendered liquid page template
Completed 200 OK in 4.2ms


* Reloaded "pages", "snippets" at 2013-10-14 18:39:20 -0500
Started GET "/" at 2013-10-14 18:39:21 -0500
Detecting locale EN
Found page "Home page" [index]
  Rendered snippet header
  Rendered snippet caracteristicas
  Rendered snippet battle_glance
  Rendered snippet footer
  Rendered liquid page template
Completed 200 OK in 3.0ms


* Reloaded "pages", "snippets" at 2013-10-14 18:40:12 -0500
Started GET "/" at 2013-10-14 18:40:14 -0500
Detecting locale EN
Found page "Home page" [index]
  Rendered snippet header
  Rendered snippet caracteristicas
  Rendered snippet battle_glance
  Rendered snippet footer
  Rendered liquid page template
Completed 200 OK in 2.8ms


* Reloaded "pages", "snippets" at 2013-10-14 18:41:39 -0500
Started GET "/" at 2013-10-14 18:41:40 -0500
Detecting locale EN
Found page "Home page" [index]
  Rendered snippet header
  Rendered snippet caracteristicas
  Rendered snippet battle_glance
  Rendered snippet footer
  Rendered liquid page template
Completed 200 OK in 2.7ms


Started GET "/" at 2013-10-14 18:41:42 -0500
Detecting locale EN
Found page "Home page" [index]
  Rendered snippet header
  Rendered snippet caracteristicas
  Rendered snippet battle_glance
  Rendered snippet footer
  Rendered liquid page template
Completed 200 OK in 3.2ms


Started GET "/" at 2013-10-14 18:43:17 -0500
Detecting locale EN
Found page "Home page" [index]
  Rendered snippet header
  Rendered snippet caracteristicas
  Rendered snippet battle_glance
  Rendered snippet footer
  Rendered liquid page template
Completed 200 OK in 2.3ms


* Reloaded "pages", "snippets" at 2013-10-14 18:44:31 -0500
Started GET "/" at 2013-10-14 18:44:32 -0500
Detecting locale EN
Found page "Home page" [index]
  Rendered snippet header
  Rendered snippet caracteristicas
  Rendered snippet battle_glance
  Rendered snippet footer
  Rendered liquid page template
Completed 200 OK in 3.3ms


* Reloaded "pages", "snippets" at 2013-10-14 18:44:48 -0500
Started GET "/" at 2013-10-14 18:44:50 -0500
Detecting locale EN
Found page "Home page" [index]
  Rendered snippet header
  Rendered snippet caracteristicas
  Rendered snippet battle_glance
  Rendered snippet footer
  Rendered liquid page template
Completed 200 OK in 4.8ms


* Reloaded "pages", "snippets" at 2013-10-14 18:47:52 -0500
Started GET "/" at 2013-10-14 18:47:57 -0500
Detecting locale EN
Found page "Home page" [index]
  Rendered snippet header
  Rendered snippet caracteristicas
  Rendered snippet battle_glance
  Rendered snippet footer
  Rendered liquid page template
Completed 200 OK in 2.5ms


Started GET "/" at 2013-10-14 18:47:59 -0500
Detecting locale EN
Found page "Home page" [index]
  Rendered snippet header
  Rendered snippet caracteristicas
  Rendered snippet battle_glance
  Rendered snippet footer
  Rendered liquid page template
Completed 200 OK in 4.9ms


* Reloaded "pages", "snippets" at 2013-10-14 18:48:10 -0500
* Reloaded "pages", "snippets" at 2013-10-14 18:48:11 -0500
Started GET "/" at 2013-10-14 18:48:15 -0500
Detecting locale EN
Found page "Home page" [index]
  Rendered snippet header
  Rendered snippet caracteristicas
  Rendered snippet battle_glance
  Rendered snippet footer
  Rendered liquid page template
Completed 200 OK in 5.2ms


Started GET "/" at 2013-10-14 18:56:45 -0500
Detecting locale EN
Found page "Home page" [index]
  Rendered snippet header
  Rendered snippet caracteristicas
  Rendered snippet battle_glance
  Rendered snippet footer
  Rendered liquid page template
Completed 200 OK in 4.9ms


Started GET "/cities" at 2013-10-14 18:58:05 -0500
Detecting locale EN
Found page "Cities" [cities]
  Rendered snippet header
  Rendered snippet footer
  Rendered liquid page template
Completed 200 OK in 4.4ms


Started GET "/cities" at 2013-10-14 18:58:15 -0500
Detecting locale EN
Found page "Cities" [cities]
  Rendered snippet header
  Rendered snippet footer
  Rendered liquid page template
Completed 200 OK in 2.9ms


Started GET "/" at 2013-10-14 18:59:49 -0500
Detecting locale EN
Found page "Home page" [index]
  Rendered snippet header
  Rendered snippet caracteristicas
  Rendered snippet battle_glance
  Rendered snippet footer
  Rendered liquid page template
Completed 200 OK in 3.5ms


Started GET "/" at 2013-10-14 19:01:08 -0500
Detecting locale EN
Found page "Home page" [index]
  Rendered snippet header
  Rendered snippet caracteristicas
  Rendered snippet battle_glance
  Rendered snippet footer
  Rendered liquid page template
Completed 200 OK in 2.8ms


Started GET "/" at 2013-10-14 19:01:08 -0500
Detecting locale EN
Found page "Home page" [index]
  Rendered snippet header
  Rendered snippet caracteristicas
  Rendered snippet battle_glance
  Rendered snippet footer
  Rendered liquid page template
Completed 200 OK in 2.8ms


Started GET "/" at 2013-10-14 19:01:08 -0500
Detecting locale EN
Found page "Home page" [index]
  Rendered snippet header
  Rendered snippet caracteristicas
  Rendered snippet battle_glance
  Rendered snippet footer
  Rendered liquid page template
Completed 200 OK in 2.7ms


Started GET "/" at 2013-10-14 19:01:08 -0500
Detecting locale EN
Found page "Home page" [index]
  Rendered snippet header
  Rendered snippet caracteristicas
  Rendered snippet battle_glance
  Rendered snippet footer
  Rendered liquid page template
Completed 200 OK in 2.7ms


Started GET "/" at 2013-10-14 19:01:08 -0500
Detecting locale EN
Found page "Home page" [index]
  Rendered snippet header
  Rendered snippet caracteristicas
  Rendered snippet battle_glance
  Rendered snippet footer
  Rendered liquid page template
Completed 200 OK in 3.4ms


Started GET "/" at 2013-10-14 19:01:08 -0500
Detecting locale EN
Found page "Home page" [index]
  Rendered snippet header
  Rendered snippet caracteristicas
  Rendered snippet battle_glance
  Rendered snippet footer
  Rendered liquid page template
Completed 200 OK in 62.3ms


Started GET "/" at 2013-10-14 20:14:43 -0500
Detecting locale EN
Found page "Home page" [index]
  Rendered snippet header
  Rendered snippet caracteristicas
  Rendered snippet battle_glance
  Rendered snippet footer
  Rendered liquid page template
Completed 200 OK in 21.1ms


Started GET "/" at 2013-10-14 20:14:46 -0500
Detecting locale EN
Found page "Home page" [index]
  Rendered snippet header
  Rendered snippet caracteristicas
  Rendered snippet battle_glance
  Rendered snippet footer
  Rendered liquid page template
Completed 200 OK in 5.1ms


Started GET "/" at 2013-10-14 20:14:46 -0500
Detecting locale EN
Found page "Home page" [index]
  Rendered snippet header
  Rendered snippet caracteristicas
  Rendered snippet battle_glance
  Rendered snippet footer
  Rendered liquid page template
Completed 200 OK in 2.1ms


Started GET "/" at 2013-10-14 20:15:23 -0500
Detecting locale EN
Found page "Home page" [index]
  Rendered snippet header
  Rendered snippet caracteristicas
  Rendered snippet battle_glance
  Rendered snippet footer
  Rendered liquid page template
Completed 200 OK in 4.0ms


Started GET "/" at 2013-10-14 20:15:23 -0500
Detecting locale EN
Found page "Home page" [index]
  Rendered snippet header
  Rendered snippet caracteristicas
  Rendered snippet battle_glance
  Rendered snippet footer
  Rendered liquid page template
Completed 200 OK in 4.9ms


